2025-10-09 08:18:40 INFO  LoggerUtil:9 - STEP: User navigates to Wrapstore homepage
2025-10-09 08:18:40 INFO  LoggerUtil:9 - Opening Wrapstore Home Page: https://wrapstore.in
2025-10-09 08:18:44 INFO  LoggerUtil:9 - Current Page Title: Premium Phone Cases - Redesign Your Device! - WRAPSTORE
2025-10-09 08:18:44 INFO  LoggerUtil:9 - Verifying if Home Page is loaded
2025-10-09 08:18:44 INFO  LoggerUtil:9 - Current Page Title: Premium Phone Cases - Redesign Your Device! - WRAPSTORE
2025-10-09 08:18:44 INFO  LoggerUtil:9 - Home Page loaded successfully
2025-10-09 08:18:44 INFO  LoggerUtil:9 - STEP: User opens Store page
2025-10-09 08:18:44 INFO  LoggerUtil:9 - Navigating to Store page from Home
2025-10-09 08:18:45 INFO  LoggerUtil:9 - Clicking element: By.linkText: Store
2025-10-09 08:18:48 INFO  LoggerUtil:9 - Current Page Title: Store - Premium Phone Cases - WRAPSTORE
2025-10-09 08:18:48 INFO  LoggerUtil:9 - Store page opened successfully
2025-10-09 08:18:48 INFO  LoggerUtil:9 - STEP: User opens Armour Glass Case category
2025-10-09 08:18:48 INFO  LoggerUtil:9 - Opening Armour Glass Case category page
2025-10-09 08:18:48 INFO  LoggerUtil:9 - Clicking element: By.xpath: //img[@alt='Armour Glass Case']
2025-10-09 08:18:52 INFO  LoggerUtil:9 - Current Page Title: Armour Glass Case - Premium Glass Phone Cases & Mobile Covers - WRAPSTORE
2025-10-09 08:18:52 INFO  LoggerUtil:9 - Armour Glass Case category page opened successfully
2025-10-09 08:18:52 INFO  LoggerUtil:9 - STEP: User selects Batman Toon Glass Case product and chooses model
2025-10-09 08:18:52 INFO  LoggerUtil:9 - Opening Batman Toon Glass Case product
2025-10-09 08:18:52 INFO  LoggerUtil:9 - Clicking element: By.xpath: //h2[contains(text(),'Batman Toon Glass Case')]
2025-10-09 08:18:56 INFO  LoggerUtil:9 - Current Page Title: Batman Toon Glass Case - Premium Phone Cases - WRAPSTORE
2025-10-09 08:18:56 INFO  LoggerUtil:9 - Selecting Brand: Samsung and Model: Galaxy S24 Ultra
2025-10-09 08:18:57 INFO  LoggerUtil:9 - Successfully selected Samsung → Galaxy S24 Ultra
2025-10-09 08:18:57 INFO  LoggerUtil:9 - STEP: User clicks Add to Cart and validates Cart page
2025-10-09 08:18:57 INFO  LoggerUtil:9 - Clicking Add to Cart button
2025-10-09 08:23:56 INFO  LoggerUtil:9 - STEP: User navigates to Wrapstore homepage
2025-10-09 08:23:56 INFO  LoggerUtil:9 - Opening Wrapstore Home Page: https://wrapstore.in
2025-10-09 08:24:00 INFO  LoggerUtil:9 - Current Page Title: Premium Phone Cases - Redesign Your Device! - WRAPSTORE
2025-10-09 08:24:00 INFO  LoggerUtil:9 - Verifying if Home Page is loaded
2025-10-09 08:24:00 INFO  LoggerUtil:9 - Current Page Title: Premium Phone Cases - Redesign Your Device! - WRAPSTORE
2025-10-09 08:24:00 INFO  LoggerUtil:9 - Home Page loaded successfully
2025-10-09 08:24:00 INFO  LoggerUtil:9 - STEP: User opens Store page
2025-10-09 08:24:00 INFO  LoggerUtil:9 - Navigating to Store page from Home
2025-10-09 08:24:01 INFO  LoggerUtil:9 - Clicking element: By.linkText: Store
2025-10-09 08:24:03 INFO  LoggerUtil:9 - Current Page Title: Store - Premium Phone Cases - WRAPSTORE
2025-10-09 08:24:03 INFO  LoggerUtil:9 - Store page opened successfully
2025-10-09 08:24:03 INFO  LoggerUtil:9 - STEP: User opens Armour Glass Case category
2025-10-09 08:24:03 INFO  LoggerUtil:9 - Opening Armour Glass Case category page
2025-10-09 08:24:04 INFO  LoggerUtil:9 - Clicking element: By.xpath: //img[@alt='Armour Glass Case']
2025-10-09 08:24:08 INFO  LoggerUtil:9 - Current Page Title: Armour Glass Case - Premium Glass Phone Cases & Mobile Covers - WRAPSTORE
2025-10-09 08:24:08 INFO  LoggerUtil:9 - Armour Glass Case category page opened successfully
2025-10-09 08:24:08 INFO  LoggerUtil:9 - STEP: User selects Batman Toon Glass Case product and chooses model
2025-10-09 08:24:08 INFO  LoggerUtil:9 - Opening Batman Toon Glass Case product
2025-10-09 08:24:08 INFO  LoggerUtil:9 - Clicking element: By.xpath: //h2[contains(text(),'Batman Toon Glass Case')]
2025-10-09 08:24:13 INFO  LoggerUtil:9 - Current Page Title: Batman Toon Glass Case - Premium Phone Cases - WRAPSTORE
2025-10-09 08:24:13 INFO  LoggerUtil:9 - Selecting Brand: Samsung and Model: Galaxy S24 Ultra
2025-10-09 08:24:15 INFO  LoggerUtil:9 - Successfully selected Samsung → Galaxy S24 Ultra
2025-10-09 08:24:15 INFO  LoggerUtil:9 - STEP: User clicks Add to Cart and validates Cart page
2025-10-09 08:24:15 INFO  LoggerUtil:9 - Clicking Add to Cart button
2025-10-09 08:24:15 INFO  LoggerUtil:9 - Clicking element: By.cssSelector: button.single_add_to_cart_button[name='add-to-cart']
2025-10-09 08:24:15 INFO  LoggerUtil:9 - Waiting for Cart page to load
2025-10-09 08:24:20 INFO  LoggerUtil:9 - Current Page Title: Cart - Premium Phone Cases - WRAPSTORE
2025-10-09 08:24:20 INFO  LoggerUtil:9 - Validating Cart page title: Cart - Premium Phone Cases - WRAPSTORE
2025-10-09 08:24:20 INFO  LoggerUtil:9 - Successfully navigated to Cart page
2025-10-09 08:30:29 INFO  LoggerUtil:9 - STEP: User navigates to Wrapstore homepage
2025-10-09 08:30:29 INFO  LoggerUtil:9 - Opening Wrapstore Home Page: https://wrapstore.in
2025-10-09 08:30:34 INFO  LoggerUtil:9 - Current Page Title: Premium Phone Cases - Redesign Your Device! - WRAPSTORE
2025-10-09 08:30:34 INFO  LoggerUtil:9 - Verifying if Home Page is loaded
2025-10-09 08:30:34 INFO  LoggerUtil:9 - Current Page Title: Premium Phone Cases - Redesign Your Device! - WRAPSTORE
2025-10-09 08:30:34 INFO  LoggerUtil:9 - Home Page loaded successfully
2025-10-09 08:30:34 INFO  LoggerUtil:9 - STEP: User opens Store page
2025-10-09 08:30:34 INFO  LoggerUtil:9 - Navigating to Store page from Home
2025-10-09 08:30:34 INFO  LoggerUtil:9 - Clicking element: By.linkText: Store
2025-10-09 08:30:37 INFO  LoggerUtil:9 - Current Page Title: Store - Premium Phone Cases - WRAPSTORE
2025-10-09 08:30:37 INFO  LoggerUtil:9 - Store page opened successfully
2025-10-09 08:30:37 INFO  LoggerUtil:9 - STEP: User opens Armour Glass Case category
2025-10-09 08:30:37 INFO  LoggerUtil:9 - Opening Armour Glass Case category page
2025-10-09 08:30:37 INFO  LoggerUtil:9 - Clicking element: By.xpath: //img[@alt='Armour Glass Case']
2025-10-09 08:30:42 INFO  LoggerUtil:9 - Current Page Title: Armour Glass Case - Premium Glass Phone Cases & Mobile Covers - WRAPSTORE
2025-10-09 08:30:42 INFO  LoggerUtil:9 - Armour Glass Case category page opened successfully
2025-10-09 08:30:42 INFO  LoggerUtil:9 - STEP: User selects Batman Toon Glass Case product and chooses model
2025-10-09 08:30:42 INFO  LoggerUtil:9 - Opening Batman Toon Glass Case product
2025-10-09 08:30:42 INFO  LoggerUtil:9 - Clicking element: By.xpath: //h2[contains(text(),'Batman Toon Glass Case')]
2025-10-09 08:30:46 INFO  LoggerUtil:9 - Current Page Title: Batman Toon Glass Case - Premium Phone Cases - WRAPSTORE
2025-10-09 08:30:46 INFO  LoggerUtil:9 - Selecting Brand: Samsung and Model: Galaxy S24 Ultra
2025-10-09 08:30:47 INFO  LoggerUtil:9 - Successfully selected Samsung → Galaxy S24 Ultra
2025-10-09 08:30:47 INFO  LoggerUtil:9 - STEP: User clicks Add to Cart and validates Cart page
2025-10-09 08:30:47 INFO  LoggerUtil:9 - Clicking Add to Cart button
2025-10-09 08:30:47 INFO  LoggerUtil:9 - Clicking element: By.cssSelector: button.single_add_to_cart_button[name='add-to-cart']
2025-10-09 08:30:47 INFO  LoggerUtil:9 - Waiting for Cart page to load
2025-10-09 08:30:52 INFO  LoggerUtil:9 - Current Page Title: Cart - Premium Phone Cases - WRAPSTORE
2025-10-09 08:30:52 INFO  LoggerUtil:9 - Validating Cart page title: Cart - Premium Phone Cases - WRAPSTORE
2025-10-09 08:30:52 INFO  LoggerUtil:9 - Successfully navigated to Cart page
